<?xml version="1.0" encoding="UTF-8"?>
<!-- Generated by org.testng.reporters.JUnitReportReporter -->
<testsuite hostname="Narayanans-MacBook-Air.local" failures="0" tests="1" name="com.practice.SelIntro" time="10.121" errors="0" timestamp="2023-12-16T14:46:01 IST" skipped="0">
  <testcase classname="com.practice.SelIntro" name="selenium_Intro" time="10.121"/>
</testsuite> <!-- com.practice.SelIntro -->
