<?xml version="1.0" encoding="UTF-8"?>
<!-- Generated by org.testng.reporters.JUnitReportReporter -->
<testsuite hostname="Narayanans-MacBook-Air.local" failures="0" tests="1" name="com.practice.WindowHandles" time="3.161" errors="0" timestamp="2023-12-16T14:46:01 IST" skipped="0">
  <testcase classname="com.practice.WindowHandles" name="parent_To_Child_Examples" time="3.161"/>
</testsuite> <!-- com.practice.WindowHandles -->
