<?xml version="1.0" encoding="UTF-8"?>
<!-- Generated by org.testng.reporters.JUnitReportReporter -->
<testsuite hostname="Narayanans-MacBook-Air.local" failures="0" tests="1" name="com.practice.DropDownPractise" time="4.340" errors="0" timestamp="2023-12-16T00:16:19 IST" skipped="0">
  <testcase classname="com.practice.DropDownPractise" name="dropDown" time="4.340"/>
</testsuite> <!-- com.practice.DropDownPractise -->
