<?xml version="1.0" encoding="UTF-8"?>
<!-- Generated by org.testng.reporters.JUnitReportReporter -->
<testsuite hostname="Narayanans-MacBook-Air.local" failures="0" tests="1" name="com.practice.Alerts" time="3.381" errors="0" timestamp="2023-12-16T14:46:01 IST" skipped="0">
  <testcase classname="com.practice.Alerts" name="alerts_Tests" time="3.381"/>
</testsuite> <!-- com.practice.Alerts -->
