<?xml version="1.0" encoding="UTF-8"?>
<!-- Generated by org.testng.reporters.JUnitReportReporter -->
<testsuite hostname="Narayanans-MacBook-Air.local" failures="0" tests="1" name="com.practice.Alerts" time="3.525" errors="0" timestamp="2023-12-15T23:55:57 IST" skipped="0">
  <testcase classname="com.practice.Alerts" name="alerts_Tests" time="3.525"/>
</testsuite> <!-- com.practice.Alerts -->
