<?xml version="1.0" encoding="UTF-8"?>
<!-- Generated by org.testng.reporters.JUnitReportReporter -->
<testsuite hostname="Narayanans-MacBook-Air.local" failures="0" tests="1" name="com.practice.FrameTest" time="3.841" errors="0" timestamp="2023-12-16T15:31:10 IST" skipped="0">
  <testcase classname="com.practice.FrameTest" name="drag_And_Drop" time="3.841"/>
</testsuite> <!-- com.practice.FrameTest -->
