<?xml version="1.0" encoding="UTF-8"?>
<!-- Generated by org.testng.reporters.JUnitReportReporter -->
<testsuite hostname="Narayanans-MacBook-Air.local" failures="0" tests="1" name="com.practice.SelIntro" time="10.584" errors="0" timestamp="2023-12-16T00:07:52 IST" skipped="0">
  <testcase classname="com.practice.SelIntro" name="selenium_Intro" time="10.584"/>
</testsuite> <!-- com.practice.SelIntro -->
