<?xml version="1.0" encoding="UTF-8"?>
<!-- Generated by org.testng.reporters.JUnitReportReporter -->
<testsuite hostname="Narayanans-MacBook-Air.local" failures="0" tests="1" name="com.practice.E2E_Green_Kart_Automation" time="10.738" errors="0" timestamp="2023-12-16T14:46:01 IST" skipped="0">
  <testcase classname="com.practice.E2E_Green_Kart_Automation" name="green_Kart" time="10.738"/>
</testsuite> <!-- com.practice.E2E_Green_Kart_Automation -->
