<?xml version="1.0" encoding="UTF-8"?>
<!-- Generated by org.testng.reporters.JUnitReportReporter -->
<testsuite hostname="Narayanans-MacBook-Air.local" failures="0" tests="1" name="com.practice.E2E_Flight_Booking_Automation" time="7.078" errors="0" timestamp="2023-12-16T14:46:01 IST" skipped="0">
  <testcase classname="com.practice.E2E_Flight_Booking_Automation" name="flight_Bookin" time="7.078"/>
</testsuite> <!-- com.practice.E2E_Flight_Booking_Automation -->
