<?xml version="1.0" encoding="UTF-8"?>
<!-- Generated by org.testng.reporters.JUnitReportReporter -->
<testsuite hostname="Narayanans-MacBook-Air.local" failures="0" tests="1" name="com.practice.Actions_Examples" time="3.758" errors="0" timestamp="2023-12-16T14:46:01 IST" skipped="0">
  <testcase classname="com.practice.Actions_Examples" name="mouse_Over" time="3.758"/>
</testsuite> <!-- com.practice.Actions_Examples -->
